#
# There is insufficient memory for the Java Runtime Environment to continue.
# Native memory allocation (mmap) failed to map 67108864 bytes for G1 virtual space
# Possible reasons:
#   The system is out of physical RAM or swap space
#   The process is running with CompressedOops enabled, and the Java Heap may be blocking the growth of the native heap
# Possible solutions:
#   Reduce memory load on the system
#   Increase physical memory or swap space
#   Check if swap backing store is full
#   Decrease Java heap size (-Xmx/-Xms)
#   Decrease number of Java threads
#   Decrease Java thread stack sizes (-Xss)
#   Set larger code cache with -XX:ReservedCodeCacheSize=
#   JVM is running with Unscaled Compressed Oops mode in which the Java heap is
#     placed in the first 4GB address space. The Java Heap base address is the
#     maximum limit for the native heap growth. Please use -XX:HeapBaseMinAddress
#     to set the Java Heap base and to place the Java Heap above 4GB virtual address.
# This output file may be truncated or incomplete.
#
#  Out of Memory Error (os_windows.cpp:3600), pid=7692, tid=13740
#
# JRE version:  (21.0+35) (build )
# Java VM: Java HotSpot(TM) 64-Bit Server VM (21+35-LTS-2513, mixed mode, sharing, tiered, compressed oops, compressed class ptrs, g1 gc, windows-amd64)
# No core dump will be written. Minidumps are not enabled by default on client versions of Windows
#

---------------  S U M M A R Y ------------

Command Line: -Xmx64m -Xms64m -Dorg.gradle.appname=gradlew org.gradle.wrapper.GradleWrapperMain -q text --args 10

Host: Intel(R) Core(TM) i7-8550U CPU @ 1.80GHz, 8 cores, 7G,  Windows 11 , 64 bit Build 22621 (10.0.22621.3958)
Time: Mon Sep 30 17:10:00 2024  Windows 11 , 64 bit Build 22621 (10.0.22621.3958) elapsed time: 0.022825 seconds (0d 0h 0m 0s)

---------------  T H R E A D  ---------------

Current thread (0x0000026f877806d0):  JavaThread "Unknown thread" [_thread_in_vm, id=13740, stack(0x000000d2b2500000,0x000000d2b2600000) (1024K)]

Stack: [0x000000d2b2500000,0x000000d2b2600000]
Native frames: (J=compiled Java code, j=interpreted, Vv=VM code, C=native code)
V  [jvm.dll+0x6c8d39]
V  [jvm.dll+0x854091]
V  [jvm.dll+0x85630e]
V  [jvm.dll+0x8569e3]
V  [jvm.dll+0x2809a6]
V  [jvm.dll+0x6c5425]
V  [jvm.dll+0x6b9e1a]
V  [jvm.dll+0x3555ba]
V  [jvm.dll+0x35d206]
V  [jvm.dll+0x3adf6e]
V  [jvm.dll+0x3ae218]
V  [jvm.dll+0x328fcc]
V  [jvm.dll+0x329b5b]
V  [jvm.dll+0x81c699]
V  [jvm.dll+0x3bb2a1]
V  [jvm.dll+0x805688]
V  [jvm.dll+0x44ed9e]
V  [jvm.dll+0x4506a1]
C  [jli.dll+0x52a3]
C  [ucrtbase.dll+0x29333]
C  [KERNEL32.DLL+0x1257d]
C  [ntdll.dll+0x5af28]


---------------  P R O C E S S  ---------------

Threads class SMR info:
_java_thread_list=0x00007fff17b07b48, length=0, elements={
}

Java Threads: ( => current thread )
Total: 0

Other Threads:
  0x0000026f89963ef0 WorkerThread "GC Thread#0"                     [id=31480, stack(0x000000d2b2600000,0x000000d2b2700000) (1024K)]
  0x0000026f89965ee0 ConcurrentGCThread "G1 Main Marker"            [id=14892, stack(0x000000d2b2700000,0x000000d2b2800000) (1024K)]
  0x0000026f89966b90 WorkerThread "G1 Conc#0"                       [id=5636, stack(0x000000d2b2800000,0x000000d2b2900000) (1024K)]

[error occurred during error reporting (printing all threads), id 0xc0000005, EXCEPTION_ACCESS_VIOLATION (0xc0000005) at pc=0x00007fff1727c097]
VM state: not at safepoint (not fully initialized)

VM Mutex/Monitor currently owned by a thread:  ([mutex/lock_event])
[0x00007fff17b78648] Heap_lock - owner thread: 0x0000026f877806d0

Heap address: 0x00000000fc000000, size: 64 MB, Compressed Oops mode: 32-bit

CDS archive(s) mapped at: [0x0000000000000000-0x0000000000000000-0x0000000000000000), size 0, SharedBaseAddress: 0x0000000800000000, ArchiveRelocationMode: 1.
Narrow klass base: 0x0000000000000000, Narrow klass shift: 0, Narrow klass range: 0x0

GC Precious Log:
 CardTable entry size: 512
 Card Set container configuration: InlinePtr #cards 5 size 8 Array Of Cards #cards 12 size 40 Howl #buckets 4 coarsen threshold 1843 Howl Bitmap #cards 512 size 80 coarsen threshold 460 Card regions per heap region 1 cards per card region 2048

Heap:
 garbage-first heap   total 0K, used 0K [0x00000000fc000000, 0x0000000100000000)
  region size 1024K, 0 young (0K), 0 survivors (0K)

[error occurred during error reporting (printing heap information), id 0xc0000005, EXCEPTION_ACCESS_VIOLATION (0xc0000005) at pc=0x00007fff17661939]
GC Heap History (0 events):
No events

Dll operation events (1 events):
Event: 0.014 Loaded shared library C:\Program Files\Java\jdk-21\bin\java.dll

Deoptimization events (0 events):
No events

Classes loaded (0 events):
No events

Classes unloaded (0 events):
No events

Classes redefined (0 events):
No events

Internal exceptions (0 events):
No events

ZGC Phase Switch (0 events):
No events

VM Operations (0 events):
No events

Events (0 events):
No events


Dynamic libraries:
0x00007ff614df0000 - 0x00007ff614e00000 	C:\Program Files\Java\jdk-21\bin\java.exe
0x00007fffaf030000 - 0x00007fffaf247000 	C:\WINDOWS\SYSTEM32\ntdll.dll
0x00007fffae070000 - 0x00007fffae134000 	C:\WINDOWS\System32\KERNEL32.DLL
0x00007fffac580000 - 0x00007fffac92d000 	C:\WINDOWS\System32\KERNELBASE.dll
0x00007fffaca50000 - 0x00007fffacb61000 	C:\WINDOWS\System32\ucrtbase.dll
0x00007fff94140000 - 0x00007fff94159000 	C:\Program Files\Java\jdk-21\bin\jli.dll
0x00007fff80ef0000 - 0x00007fff80f0b000 	C:\Program Files\Java\jdk-21\bin\VCRUNTIME140.dll
0x00007fffad400000 - 0x00007fffad4b2000 	C:\WINDOWS\System32\ADVAPI32.dll
0x00007fffad540000 - 0x00007fffad5e7000 	C:\WINDOWS\System32\msvcrt.dll
0x00007fffad2f0000 - 0x00007fffad399000 	C:\WINDOWS\System32\sechost.dll
0x00007fffacb70000 - 0x00007fffacb98000 	C:\WINDOWS\System32\bcrypt.dll
0x00007fffad0f0000 - 0x00007fffad204000 	C:\WINDOWS\System32\RPCRT4.dll
0x00007fffae480000 - 0x00007fffae62e000 	C:\WINDOWS\System32\USER32.dll
0x00007fff8a560000 - 0x00007fff8a7f3000 	C:\WINDOWS\WinSxS\amd64_microsoft.windows.common-controls_6595b64144ccf1df_6.0.22621.3672_none_2713b9d173822955\COMCTL32.dll
0x00007fffaccb0000 - 0x00007fffaccd6000 	C:\WINDOWS\System32\win32u.dll
0x00007fffaefc0000 - 0x00007fffaefe9000 	C:\WINDOWS\System32\GDI32.dll
0x00007fffac930000 - 0x00007fffaca49000 	C:\WINDOWS\System32\gdi32full.dll
0x00007fffacc10000 - 0x00007fffaccaa000 	C:\WINDOWS\System32\msvcp_win.dll
0x00007fffa2ba0000 - 0x00007fffa2baa000 	C:\WINDOWS\SYSTEM32\VERSION.dll
0x00007fffae940000 - 0x00007fffae971000 	C:\WINDOWS\System32\IMM32.DLL
0x00007fff96b40000 - 0x00007fff96b4c000 	C:\Program Files\Java\jdk-21\bin\vcruntime140_1.dll
0x00007fff75f20000 - 0x00007fff75fae000 	C:\Program Files\Java\jdk-21\bin\msvcp140.dll
0x00007fff16f40000 - 0x00007fff17c53000 	C:\Program Files\Java\jdk-21\bin\server\jvm.dll
0x00007fffad4c0000 - 0x00007fffad531000 	C:\WINDOWS\System32\WS2_32.dll
0x00007fffab1c0000 - 0x00007fffab20d000 	C:\WINDOWS\SYSTEM32\POWRPROF.dll
0x00007fff82920000 - 0x00007fff82954000 	C:\WINDOWS\SYSTEM32\WINMM.dll
0x00007fffab1a0000 - 0x00007fffab1b3000 	C:\WINDOWS\SYSTEM32\UMPDC.dll
0x00007fffab450000 - 0x00007fffab468000 	C:\WINDOWS\SYSTEM32\kernel.appcore.dll
0x00007fff94ae0000 - 0x00007fff94aea000 	C:\Program Files\Java\jdk-21\bin\jimage.dll
0x00007fffa9c80000 - 0x00007fffa9eb2000 	C:\WINDOWS\SYSTEM32\DBGHELP.DLL
0x00007fffacd60000 - 0x00007fffad0ee000 	C:\WINDOWS\System32\combase.dll
0x00007fffad210000 - 0x00007fffad2e7000 	C:\WINDOWS\System32\OLEAUT32.dll
0x00007fff8cfe0000 - 0x00007fff8d012000 	C:\WINDOWS\SYSTEM32\dbgcore.DLL
0x00007fffacce0000 - 0x00007fffacd5b000 	C:\WINDOWS\System32\bcryptPrimitives.dll
0x00007fff80ed0000 - 0x00007fff80eef000 	C:\Program Files\Java\jdk-21\bin\java.dll

dbghelp: loaded successfully - version: 4.0.5 - missing functions: none
symbol engine: initialized successfully - sym options: 0x614 - pdb path: .;C:\Program Files\Java\jdk-21\bin;C:\WINDOWS\SYSTEM32;C:\WINDOWS\WinSxS\amd64_microsoft.windows.common-controls_6595b64144ccf1df_6.0.22621.3672_none_2713b9d173822955;C:\Program Files\Java\jdk-21\bin\server

VM Arguments:
jvm_args: -Xmx64m -Xms64m -Dorg.gradle.appname=gradlew 
java_command: org.gradle.wrapper.GradleWrapperMain -q text --args 10
java_class_path (initial): C:\Users\ELMAZ\Desktop\Java\\gradle\wrapper\gradle-wrapper.jar
Launcher Type: SUN_STANDARD

[Global flags]
     intx CICompilerCount                          = 4                                         {product} {ergonomic}
     uint ConcGCThreads                            = 2                                         {product} {ergonomic}
     uint G1ConcRefinementThreads                  = 8                                         {product} {ergonomic}
   size_t G1HeapRegionSize                         = 1048576                                   {product} {ergonomic}
    uintx GCDrainStackTargetSize                   = 64                                        {product} {ergonomic}
   size_t InitialHeapSize                          = 67108864                                  {product} {command line}
   size_t MarkStackSize                            = 4194304                                   {product} {ergonomic}
   size_t MaxHeapSize                              = 67108864                                  {product} {command line}
   size_t MinHeapDeltaBytes                        = 1048576                                   {product} {ergonomic}
   size_t MinHeapSize                              = 67108864                                  {product} {command line}
    uintx NonNMethodCodeHeapSize                   = 5839372                                {pd product} {ergonomic}
    uintx NonProfiledCodeHeapSize                  = 122909434                              {pd product} {ergonomic}
    uintx ProfiledCodeHeapSize                     = 122909434                              {pd product} {ergonomic}
    uintx ReservedCodeCacheSize                    = 251658240                              {pd product} {ergonomic}
     bool SegmentedCodeCache                       = true                                      {product} {ergonomic}
   size_t SoftMaxHeapSize                          = 67108864                               {manageable} {ergonomic}
     bool UseCompressedOops                        = true                           {product lp64_product} {ergonomic}
     bool UseG1GC                                  = true                                      {product} {ergonomic}
     bool UseLargePagesIndividualAllocation        = false                                  {pd product} {ergonomic}

Logging:
Log output configuration:
 #0: stdout all=warning uptime,level,tags foldmultilines=false
 #1: stderr all=off uptime,level,tags foldmultilines=false

Environment Variables:
JAVA_HOME=C:\Program Files\Java\jdk-21
CLASSPATH=C:\Users\ELMAZ\Desktop\Java\\gradle\wrapper\gradle-wrapper.jar
PATH=C:\Program Files\ImageMagick-7.1.1-Q16-HDRI;C:\Program Files\Common Files\Oracle\Java\javapath;C:\Program Files\Eclipse Adoptium\jdk-11.0.16.101-hotspot\bin;C:\WINDOWS\system32;C:\WINDOWS;C:\WINDOWS\System32\Wbem;C:\WINDOWS\System32\WindowsPowerShell\v1.0\;C:\WINDOWS\System32\OpenSSH\;C:\Program Files\Git\cmd;C:\Users\ELMAZ\AppData\Roaming\nvm;C:\Program Files\nodejs;C:\Program Files\MySQL\MySQL Shell 8.0\bin\;C:\Users\ELMAZ\AppData\Local\Microsoft\WindowsApps;C:\Users\ELMAZ\AppData\Local\Programs\Microsoft VS Code\bin;C:\Users\ELMAZ\AppData\Local\GitHubDesktop\bin;C:\Program Files\JetBrains\IntelliJ IDEA 2023.3.5\bin;C:\Program Files\MySQL\MySQL Server 8.0\bin;C:\Users\ELMAZ\AppData\Roaming\npm;C:\Program Files\Apache\maven\bin\apache-maven-3.9.8\bin;C:\Program Files\Java\jdk-21\bin;C:\Program Files\Heroku\bin;;C:\Program Files\Docker\Docker\resources\bin;C:\Program Files\MySQL\MySQL Shell 8.0\bin\;C:\Users\ELMAZ\AppData\Local\Microsoft\WindowsApps;C:\Users\ELMAZ\AppData\Local\Programs\Microsoft VS Code\bin;C:\Users\ELMAZ\AppData\Local\GitHubDesktop\bin;C:\Program Files\JetBrains\IntelliJ IDEA 2023.3.5\bin;;C:\Program Files\MySQL\MySQL Server 8.0\bin;C:\Users\ELMAZ\AppData\Roaming\npm;C:\Users\ELMAZ\AppData\Roaming\nvm;C:\Program Files\nodejs;C:\Program Files\heroku\bin
USERNAME=ELMAZ
OS=Windows_NT
PROCESSOR_IDENTIFIER=Intel64 Family 6 Model 142 Stepping 10, GenuineIntel
TMP=C:\Users\ELMAZ\AppData\Local\Temp
TEMP=C:\Users\ELMAZ\AppData\Local\Temp




---------------  S Y S T E M  ---------------

OS:
 Windows 11 , 64 bit Build 22621 (10.0.22621.3958)
OS uptime: 11 days 23:16 hours
Hyper-V role detected

CPU: total 8 (initial active 8) (4 cores per cpu, 2 threads per core) family 6 model 142 stepping 10 microcode 0xf4, cx8, cmov, fxsr, ht, mmx, 3dnowpref, sse, sse2, sse3, ssse3, sse4.1, sse4.2, popcnt, lzcnt, tsc, tscinvbit, avx, avx2, aes, erms, clmul, bmi1, bmi2, adx, fma, vzeroupper, clflush, clflushopt, hv, rdtscp, f16c
Processor Information for all 8 processors :
  Max Mhz: 1992, Current Mhz: 1792, Mhz Limit: 1792

Memory: 4k page, system-wide physical 8035M (278M free)
TotalPageFile size 32611M (AvailPageFile size 44M)
current process WorkingSet (physical memory assigned to process): 11M, peak: 11M
current process commit charge ("private bytes"): 59M, peak: 123M

vm_info: Java HotSpot(TM) 64-Bit Server VM (21+35-LTS-2513) for windows-amd64 JRE (21+35-LTS-2513), built on 2023-08-09T20:25:10Z by "mach5one" with MS VC++ 17.1 (VS2022)

END.
